Arguments: 
  /usr/local/bin/node /usr/local/Cellar/yarn/1.22.19/libexec/bin/yarn.js build:css

PATH: 
  /Users/karennakung/.asdf/shims:/Users/karennakung/.asdf/bin:/Users/karennakung/Documents/SmithStuff/GDSC/flutter/bin:/usr/local/bin:/System/Cryptexes/App/usr/bin:/usr/bin:/bin:/usr/sbin:/sbin:/Library/TeX/texbin:/Library/Apple/usr/bin:/usr/local/mysql/bin:/usr/local/Homebrew/bin

Yarn version: 
  1.22.19

Node version: 
  18.13.0

Platform: 
  darwin x64

Trace: 
  Invariant Violation: Script must exist
      at invariant (/usr/local/Cellar/yarn/1.22.19/libexec/lib/cli.js:2318:15)
      at /usr/local/Cellar/yarn/1.22.19/libexec/lib/cli.js:61545:11
      at Generator.next (<anonymous>)
      at step (/usr/local/Cellar/yarn/1.22.19/libexec/lib/cli.js:310:30)
      at /usr/local/Cellar/yarn/1.22.19/libexec/lib/cli.js:328:14
      at new Promise (<anonymous>)
      at new F (/usr/local/Cellar/yarn/1.22.19/libexec/lib/cli.js:5305:28)
      at /usr/local/Cellar/yarn/1.22.19/libexec/lib/cli.js:307:12
      at realRunCommand (/usr/local/Cellar/yarn/1.22.19/libexec/lib/cli.js:61630:23)
      at action.action (/usr/local/Cellar/yarn/1.22.19/libexec/lib/cli.js:61691:16)

npm manifest: 
  {
      "name": "valetbike",
      "private": true,
      "scripts": {
          "build:css": ""
        },
      "version": "0.1.0"
    }

yarn manifest: 
  No manifest

Lockfile: 
  # THIS IS AN AUTOGENERATED FILE. DO NOT EDIT THIS FILE DIRECTLY.
  # yarn lockfile v1
